2025-11-13 09:39:28.459184
python 3.8.20 (default, Oct  3 2024, 15:24:27) 
[GCC 11.2.0]
numpy 1.24.4
ase 3.22.0
flare 1.4.2

Number of hyperparameters: 4
Hyperparameter array: [2.e+00 9.e-03 5.e-02 6.e-04]
Hyp0: 2.0 
Hyp1: 0.009000000000000001 
Hyp2: 0.05 
Hyp3: 0.0006 

Uncertainty tolerance: 0.01 eV/A
Timestep (ps): 0.0001
Number of frames: 5000
Number of atoms: 9
System species: {'Zr', 'B'}
Periodic cell (A): 
[[ 3.18049049  0.          0.        ]
 [-1.59024525  2.75438428  0.        ]
 [ 0.          0.         28.86371135]]
Restart: 0 

Previous positions (A):
Zr       0.0000    0.0000    9.7438
B        1.5902    0.9181   11.6175
B       -0.0000    1.8363   11.6175
Zr       0.0000    0.0000   14.7100
B        1.5902    0.9181   15.4439
B       -0.0000    1.8363   15.4439
Zr       0.0000    0.0000   17.5093
B        1.5902    0.9181   18.2299
B       -0.0000    1.8363   18.2299
--------------------------------------------------------------------------------

Calling DFT...

DFT run complete.
Number of DFT calls: 1
Wall time from start: 0.00 s
Time of Run DFT: 0.00 s

*-Frame: 0 
Simulation Time:     0.0000 ps 
El            Position (A)                    DFT Force (ev/A)                  Std. Dev (ev/A)                  Velocities (A/ps)       
Zr       0.0000    0.0000    9.7438        0.0000    0.0000    1.8972        0.0000    0.0000    0.0000       -2.1822   -1.5994    2.0115
B        1.5902    0.9181   11.6175        0.0000    0.0000   -0.5120        0.0000    0.0000    0.0000        2.4399   -2.8438   -6.4666
B       -0.0000    1.8363   11.6175        0.0000   -0.0000   -0.5120        0.0000    0.0000    0.0000        1.7303   17.3030    1.0611
Zr       0.0000    0.0000   14.7100        0.0000    0.0000  -22.7842        0.0000    0.0000    0.0000        5.2177    0.0672   -3.7067
B        1.5902    0.9181   15.4439        0.0000    0.0000   10.1746        0.0000    0.0000    0.0000       -0.9557   -2.5996   -9.4307
B       -0.0000    1.8363   15.4439        0.0000    0.0000   10.1746        0.0000    0.0000    0.0000        8.3561    8.3067    9.6762
Zr       0.0000    0.0000   17.5093        0.0000    0.0000  -16.9533        0.0000    0.0000    0.0000       -2.9651   -1.2232    2.2241
B        1.5902    0.9181   18.2299       -0.0000   -0.0000    9.2575        0.0000    0.0000    0.0000       -1.0243    4.4922   -2.2603
B       -0.0000    1.8363   18.2299        0.0000    0.0000    9.2575        0.0000    0.0000    0.0000      -11.1401   -1.4052    2.9567

Periodic cell (A): 
[[ 3.18049049  0.          0.        ]
 [-1.59024525  2.75438428  0.        ]
 [ 0.          0.         28.86371135]]

Stress tensor (GPa):
       xx        yy        zz        yz        xz        xy
   -30.094   -30.094   -16.649    -0.000    -0.000    -0.000

Pressure (GPa): -25.612512 
Temperature (K): 683.69 
Kinetic energy (eV): 0.795358 
Potential energy (eV): -13460.834605 
Total energy (eV): -13460.039247 

Wall time from start: 31.15 s
Time of Write Config: 0.01 s
Adding atom [0, 1, 2, 3, 4, 5, 6, 7, 8] to the training set.
Uncertainty: [0. 0. 0.]
Time of Update GP: 0.08 s
Time of Train Hyps: 0.01 s

GP hyperparameters: 
Hyp0 : Hyp0                           = 79.7164
Hyp1 : Hyp1                           = 3.3926
Hyp2 : Hyp2                           = 37.2157
Hyp3 : Hyp3                           = 0.0006
Likelihood: -10697.3943
Likelihood gradient: [204.9908342   41.68510218 121.44616032   0.        ]
Wall time from start: 31.37 s
Time of MD Step: 0.35 s
Time of Compute Properties: 0.16 s
Time of Env Selection: 0.00 s
--------------------------------------------------------------------------------
-Frame: 1 
Simulation Time:     0.0001 ps 
El            Position (A)                    GP Force (ev/A)                   Std. Dev (ev/A)                  Velocities (A/ps)       
Zr       0.0000    0.0001    9.7471     -877.4043  842.6218 6256.3479        1.6720    0.0000    0.0000        1.7176    3.7454   74.1246
B        1.5883    0.9131   11.6079     1725.4575-2318.6900-1446.2023        1.7410    0.0000    0.0000       34.5534    1.6882 -201.0679
B        0.0004    1.8394   11.6067     -788.2728 1441.5740-2966.9841        2.1718    0.0000    0.0000      -72.1521  -29.7073 -242.3929
Zr       0.0004    0.0001   14.6957      -73.0920   88.6569-11777.6958        1.7520    0.0000    0.0000        5.1284   -2.3887 -212.4462
B        1.5947    0.9248   15.4729     -810.6465-1094.1811 5705.1942        2.2428    0.0000    0.0000       18.4535   13.9845  563.8185
B       -0.0021    1.8299   15.4817      835.2400  778.4822 4830.1733        2.1928    0.0000    0.0000        1.8128  -11.5020  518.8294
Zr      -0.0003   -0.0001   17.5037     -219.9152  412.8376-10285.5010        1.8181    0.0000    0.0000       -2.0144    1.2490 -135.8203
B        1.5928    0.9163   18.2776     -128.5143-1396.7600 6619.6004        2.0557    0.0000    0.0000      -34.1843   27.5836  861.5169
B       -0.0040    1.8384   18.2763      337.1476 1245.4586 3065.0673        2.2540    0.0000    0.0000       10.7436  -24.0359  812.7402

Periodic cell (A): 
[[ 3.18049049  0.          0.        ]
 [-1.59024525  2.75438428  0.        ]
 [ 0.          0.         28.86371135]]

Stress tensor (GPa):
       xx        yy        zz        yz        xz        xy
 77586.227 85658.150  2087.801   688.080 -1016.862  -284.906

Pressure (GPa): 55110.726024 
Temperature (K): 1291944.06 
Kinetic energy (eV): 1502.969684 
Potential energy (eV): -95780.448448 
Total energy (eV): -94277.478764 

Wall time from start: 31.88 s
Time of Write Config: 0.01 s

Calling DFT...

DFT run complete.
Number of DFT calls: 2
Wall time from start: 31.88 s
Time of Run DFT: 0.00 s

*-Frame: 1 
Simulation Time:     0.0001 ps 
El            Position (A)                    DFT Force (ev/A)                  Std. Dev (ev/A)                  Velocities (A/ps)       
Zr       0.0000    0.0001    9.7471       -0.0042   -0.0059    1.8708        0.0000    0.0000    0.0000        1.7176    3.7454   74.1246
B        1.5883    0.9131   11.6079        0.0292    0.0775   -0.4510        0.0000    0.0000    0.0000       34.5534    1.6882 -201.0679
B        0.0004    1.8394   11.6067       -0.0249   -0.0716   -0.4385        0.0000    0.0000    0.0000      -72.1521  -29.7073 -242.3929
Zr       0.0004    0.0001   14.6957        0.0401    0.0055  -21.7666        0.0000    0.0000    0.0000        5.1284   -2.3887 -212.4462
B        1.5947    0.9248   15.4729       -0.1369   -0.1790    9.6609        0.0000    0.0000    0.0000       18.4535   13.9845  563.8185
B       -0.0021    1.8299   15.4817        0.0914    0.1728    9.5468        0.0000    0.0000    0.0000        1.8128  -11.5020  518.8294
Zr      -0.0003   -0.0001   17.5037       -0.0164    0.0143  -15.8203        0.0000    0.0000    0.0000       -2.0144    1.2490 -135.8203
B        1.5928    0.9163   18.2776       -0.0965    0.0032    8.6891        0.0000    0.0000    0.0000      -34.1843   27.5836  861.5169
B       -0.0040    1.8384   18.2763        0.1182   -0.0168    8.7088        0.0000    0.0000    0.0000       10.7436  -24.0359  812.7402

Periodic cell (A): 
[[ 3.18049049  0.          0.        ]
 [-1.59024525  2.75438428  0.        ]
 [ 0.          0.         28.86371135]]

Stress tensor (GPa):
       xx        yy        zz        yz        xz        xy
   -26.641   -26.927   -16.649     0.001    -0.003     0.277

Pressure (GPa): -23.405887 
Temperature (K): 1291944.06 
Kinetic energy (eV): 1502.969684 
Potential energy (eV): -13462.762817 
Total energy (eV): -11959.793133 

Wall time from start: 65.53 s
Time of Write Config: 0.01 s
Mean absolute errors & Mean absolute values
energy mae: 82317.6856 eV
energy mav: 13462.7628 eV
stress mae: 174.1303 eV/A^3
stress mav: 0.0733 eV/A^3
forces mae: 2529.2627 eV/A
forces mav: 2.8910 eV/A
type 40 forces mae: 3421.6245 eV/A
type 40 forces mav: 4.3938 eV/A
type 5 forces mae: 2083.0817 eV/A
type 5 forces mav: 2.1396 eV/A
Adding atom [0, 1, 3, 6, 7, 2, 5, 4, 8] to the training set.
Uncertainty: [1.67196668 0.         0.        ]
Time of Update GP: 0.08 s
Time of Train Hyps: 0.01 s

GP hyperparameters: 
Hyp0 : Hyp0                           = 79.7164
Hyp1 : Hyp1                           = 3.3926
Hyp2 : Hyp2                           = 37.2157
Hyp3 : Hyp3                           = 0.0006
Likelihood: -15744755.9410
Likelihood gradient: [-2.21203301e+31  9.28154870e+06 -1.40729160e+00  0.00000000e+00]
Wall time from start: 65.63 s
Time of MD Step: 0.32 s
Time of Compute Properties: 0.19 s
Time of Env Selection: 0.00 s
--------------------------------------------------------------------------------
-Frame: 2 
Simulation Time:     0.0002 ps 
El            Position (A)                    GP Force (ev/A)                   Std. Dev (ev/A)                  Velocities (A/ps)       
Zr       0.0002    0.0005    9.7545        0.0000   -0.0000    0.0002        3.1817    0.0000    0.0000        1.7176    3.7454   74.1246
B        1.5917    0.9133   11.5878       -0.0000    0.0000    0.0001        3.0125    0.0000    0.0000       34.5534    1.6882 -201.0679
B       -0.0068    1.8364   11.5824       -0.0000   -0.0000    0.0002        3.1322    0.0000    0.0000      -72.1521  -29.7073 -242.3928
Zr       0.0009   -0.0002   14.6744        0.0000   -0.0000   -0.0003        2.9523    0.0000    0.0000        5.1284   -2.3887 -212.4462
B        1.5965    0.9262   15.5293       -0.0000   -0.0000    0.0001        2.5617    0.0000    0.0000       18.4535   13.9845  563.8185
B       -0.0019    1.8287   15.5335        0.0000   -0.0000    0.0001        2.5767    0.0000    0.0000        1.8128  -11.5020  518.8295
Zr      -0.0005    0.0001   17.4901       -0.0001    0.0000   -0.0003        2.1174    0.0000    0.0000       -2.0144    1.2490 -135.8203
B        1.5894    0.9191   18.3637        0.0000    0.0000   -0.0001        2.4723    0.0000    0.0000      -34.1843   27.5836  861.5169
B       -0.0030    1.8360   18.3576        0.0000   -0.0000   -0.0001        2.5069    0.0000    0.0000       10.7436  -24.0359  812.7402

Periodic cell (A): 
[[ 3.18049049  0.          0.        ]
 [-1.59024525  2.75438428  0.        ]
 [ 0.          0.         28.86371135]]

Stress tensor (GPa):
       xx        yy        zz        yz        xz        xy
     0.000     0.000     0.002     0.000     0.000     0.000

Pressure (GPa): 0.000975 
Temperature (K): 1291944.06 
Kinetic energy (eV): 1502.969684 
Potential energy (eV): -0.000088 
Total energy (eV): 1502.969596 

Wall time from start: 66.15 s
Time of Write Config: 0.01 s

Calling DFT...

DFT run complete.
Number of DFT calls: 3
Wall time from start: 66.15 s
Time of Run DFT: 0.00 s

*-Frame: 2 
Simulation Time:     0.0002 ps 
El            Position (A)                    DFT Force (ev/A)                  Std. Dev (ev/A)                  Velocities (A/ps)       
Zr       0.0002    0.0005    9.7545       -0.0165   -0.0162    1.7645        0.0000    0.0000    0.0000        1.7176    3.7454   74.1246
B        1.5917    0.9133   11.5878       -0.0656    0.0575   -0.3259        0.0000    0.0000    0.0000       34.5534    1.6882 -201.0679
B       -0.0068    1.8364   11.5824        0.0822   -0.0411   -0.2696        0.0000    0.0000    0.0000      -72.1521  -29.7073 -242.3928
Zr       0.0009   -0.0002   14.6744        0.0572    0.0216  -20.3096        0.0000    0.0000    0.0000        5.1284   -2.3887 -212.4462
B        1.5965    0.9262   15.5293       -0.1539   -0.2299    8.7107        0.0000    0.0000    0.0000       18.4535   13.9845  563.8185
B       -0.0019    1.8287   15.5335        0.0848    0.2083    8.6425        0.0000    0.0000    0.0000        1.8128  -11.5020  518.8295
Zr      -0.0005    0.0001   17.4901       -0.0507    0.0140  -13.4677        0.0000    0.0000    0.0000       -2.0144    1.2490 -135.8203
B        1.5894    0.9191   18.3637       -0.0042   -0.0609    7.5735        0.0000    0.0000    0.0000      -34.1843   27.5836  861.5169
B       -0.0030    1.8360   18.3576        0.0665    0.0468    7.6818        0.0000    0.0000    0.0000       10.7436  -24.0359  812.7402

Periodic cell (A): 
[[ 3.18049049  0.          0.        ]
 [-1.59024525  2.75438428  0.        ]
 [ 0.          0.         28.86371135]]

Stress tensor (GPa):
       xx        yy        zz        yz        xz        xy
   -20.962   -21.559   -16.616     0.001    -0.035     0.244

Pressure (GPa): -19.712275 
Temperature (K): 1291944.06 
Kinetic energy (eV): 1502.969684 
Potential energy (eV): -13465.795877 
Total energy (eV): -11962.826193 

Wall time from start: 102.23 s
Time of Write Config: 0.01 s
Mean absolute errors & Mean absolute values
energy mae: 13465.7958 eV
energy mav: 13465.7959 eV
stress mae: 0.0618 eV/A^3
stress mav: 0.0618 eV/A^3
forces mae: 2.5934 eV/A
forces mav: 2.5935 eV/A
type 40 forces mae: 3.9686 eV/A
type 40 forces mav: 3.9687 eV/A
type 5 forces mae: 1.9059 eV/A
type 5 forces mav: 1.9059 eV/A
Adding atom [6, 7, 8, 4, 5, 3, 1, 2, 0] to the training set.
Uncertainty: [2.11739906 0.         0.        ]
Time of Update GP: 0.10 s
Time of Train Hyps: 0.00 s

GP hyperparameters: 
Hyp0 : Hyp0                           = 79.7164
Hyp1 : Hyp1                           = 3.3926
Hyp2 : Hyp2                           = 37.2157
Hyp3 : Hyp3                           = 0.0006
Likelihood: -23621907.3436
Likelihood gradient: [ 2.67146240e+23  1.39250794e+07 -2.11602558e+00  0.00000000e+00]
Wall time from start: 102.34 s
Time of MD Step: 0.24 s
Time of Compute Properties: 0.10 s
Time of Env Selection: 0.00 s
--------------------------------------------------------------------------------
-Frame: 3 
Simulation Time:     0.0003 ps 
El            Position (A)                    GP Force (ev/A)                   Std. Dev (ev/A)                  Velocities (A/ps)       
Zr       0.0004    0.0009    9.7619        0.0000    0.0000    0.0000        3.5043    0.0000    0.0000        1.7176    3.7454   74.1246
B        1.5952    0.9135   11.5677       -0.0000    0.0000    0.0001        2.2157    0.0000    0.0000       34.5534    1.6882 -201.0679
B       -0.0140    1.8334   11.5582       -0.0000   -0.0000    0.0001        2.2451    0.0000    0.0000      -72.1521  -29.7073 -242.3928
Zr       0.0014   -0.0004   14.6532        0.0000   -0.0000   -0.0002        3.7337    0.0000    0.0000        5.1284   -2.3887 -212.4462
B        1.5984    0.9276   15.5856       -0.0000   -0.0000    0.0001        2.3847    0.0000    0.0000       18.4535   13.9845  563.8185
B       -0.0017    1.8276   15.5854        0.0000    0.0000    0.0001        2.4332    0.0000    0.0000        1.8128  -11.5020  518.8295
Zr      -0.0007    0.0002   17.4765       -0.0000   -0.0000   -0.0002        3.3140    0.0000    0.0000       -2.0144    1.2490 -135.8203
B        1.5860    0.9218   18.4499       -0.0000    0.0000   -0.0000        2.6243    0.0000    0.0000      -34.1843   27.5836  861.5168
B       -0.0019    1.8336   18.4389       -0.0000    0.0000   -0.0000        2.6691    0.0000    0.0000       10.7436  -24.0359  812.7402

Periodic cell (A): 
[[ 3.18049049  0.          0.        ]
 [-1.59024525  2.75438428  0.        ]
 [ 0.          0.         28.86371135]]

Stress tensor (GPa):
       xx        yy        zz        yz        xz        xy
    -0.000    -0.000     0.001    -0.000     0.000     0.000

Pressure (GPa): 0.000165 
Temperature (K): 1291944.06 
Kinetic energy (eV): 1502.969686 
Potential energy (eV): -0.000236 
Total energy (eV): 1502.969450 

Wall time from start: 102.69 s
Time of Write Config: 0.01 s

Calling DFT...

DFT run complete.
Number of DFT calls: 4
Wall time from start: 102.69 s
Time of Run DFT: 0.00 s

*-Frame: 3 
Simulation Time:     0.0003 ps 
El            Position (A)                    DFT Force (ev/A)                  Std. Dev (ev/A)                  Velocities (A/ps)       
Zr       0.0004    0.0009    9.7619       -0.0307   -0.0280    1.5935        0.0000    0.0000    0.0000        1.7176    3.7454   74.1246
B        1.5952    0.9135   11.5677       -0.1721    0.0286   -0.1825        0.0000    0.0000    0.0000       34.5534    1.6882 -201.0679
B       -0.0140    1.8334   11.5582        0.2037   -0.0001   -0.0835        0.0000    0.0000    0.0000      -72.1521  -29.7073 -242.3928
Zr       0.0014   -0.0004   14.6532        0.0679    0.0335  -18.7133        0.0000    0.0000    0.0000        5.1284   -2.3887 -212.4462
B        1.5984    0.9276   15.5856       -0.1758   -0.2786    7.6018        0.0000    0.0000    0.0000       18.4535   13.9845  563.8185
B       -0.0017    1.8276   15.5854        0.0882    0.2453    7.6049        0.0000    0.0000    0.0000        1.8128  -11.5020  518.8295
Zr      -0.0007    0.0002   17.4765       -0.0683    0.0122  -10.7783        0.0000    0.0000    0.0000       -2.0144    1.2490 -135.8203
B        1.5860    0.9218   18.4499        0.0368   -0.0734    6.3798        0.0000    0.0000    0.0000      -34.1843   27.5836  861.5168
B       -0.0019    1.8336   18.4389        0.0505    0.0604    6.5776        0.0000    0.0000    0.0000       10.7436  -24.0359  812.7402

Periodic cell (A): 
[[ 3.18049049  0.          0.        ]
 [-1.59024525  2.75438428  0.        ]
 [ 0.          0.         28.86371135]]

Stress tensor (GPa):
       xx        yy        zz        yz        xz        xy
   -15.656   -16.536   -16.337    -0.001    -0.067     0.164

Pressure (GPa): -16.176311 
Temperature (K): 1291944.06 
Kinetic energy (eV): 1502.969686 
Potential energy (eV): -13468.460172 
Total energy (eV): -11965.490486 

Wall time from start: 137.76 s
Time of Write Config: 0.01 s
Mean absolute errors & Mean absolute values
energy mae: 13468.4599 eV
energy mav: 13468.4602 eV
stress mae: 0.0507 eV/A^3
stress mav: 0.0507 eV/A^3
forces mae: 2.2655 eV/A
forces mav: 2.2655 eV/A
type 40 forces mae: 3.4806 eV/A
type 40 forces mav: 3.4806 eV/A
type 5 forces mae: 1.6580 eV/A
type 5 forces mav: 1.6580 eV/A
Adding atom [1, 2, 4, 5, 7, 8, 6, 0, 3] to the training set.
Uncertainty: [2.21571829 0.         0.        ]
Time of Update GP: 0.11 s
